c:\users\nikolay\source\repos\consoleapplication1\consoleapplication1\debug\vc143.pdb
c:\users\nikolay\source\repos\consoleapplication1\consoleapplication1\debug\vc143.idb
c:\users\nikolay\source\repos\consoleapplication1\consoleapplication1\debug\consoleapplication1.obj
c:\users\nikolay\source\repos\consoleapplication1\debug\consoleapplication1.exe
c:\users\nikolay\source\repos\consoleapplication1\consoleapplication1\debug\consoleapplication1.ilk
c:\users\nikolay\source\repos\consoleapplication1\debug\consoleapplication1.pdb
c:\users\s0169549\desktop\consoleapplication1\consoleapplication1\debug\consoleapplication1.obj
c:\users\s0169549\desktop\consoleapplication1\consoleapplication1\debug\consoleapplication1.obj.enc
c:\users\s0169549\desktop\consoleapplication1\consoleapplication1\debug\consoleapplication1.ilk
c:\users\s0169549\desktop\consoleapplication1\consoleapplication1\debug\vc143.idb
c:\users\s0169549\desktop\consoleapplication1\consoleapplication1\debug\vc143.pdb
c:\users\s0169549\desktop\consoleapplication1\debug\consoleapplication1.pdb
c:\users\s0169549\desktop\consoleapplication1\debug\consoleapplication1.exe
c:\users\s0169549\desktop\consoleapplication1\consoleapplication1\debug\consolea.d4f06e5c.tlog\cl.command.1.tlog
c:\users\s0169549\desktop\consoleapplication1\consoleapplication1\debug\consolea.d4f06e5c.tlog\cl.items.tlog
c:\users\s0169549\desktop\consoleapplication1\consoleapplication1\debug\consolea.d4f06e5c.tlog\cl.read.1.tlog
c:\users\s0169549\desktop\consoleapplication1\consoleapplication1\debug\consolea.d4f06e5c.tlog\cl.write.1.tlog
c:\users\s0169549\desktop\consoleapplication1\consoleapplication1\debug\consolea.d4f06e5c.tlog\link.command.1.tlog
c:\users\s0169549\desktop\consoleapplication1\consoleapplication1\debug\consolea.d4f06e5c.tlog\link.read.1.tlog
c:\users\s0169549\desktop\consoleapplication1\consoleapplication1\debug\consolea.d4f06e5c.tlog\link.write.1.tlog
